This is pdfTeX, Version 3.141592653-2.6-1.40.26 (MiKTeX 24.4) (preloaded format=pdflatex 2024.11.19)  6 FEB 2025 10:57
entering extended mode
 restricted \write18 enabled.
 file:line:error style messages enabled.
 %&-line parsing enabled.
**c:/Users/aless/Desktop/AppuntiSapienza/Terzo_Anno/OGA/OGA.tex
(c:/Users/aless/Desktop/AppuntiSapienza/Terzo_Anno/OGA/OGA.tex
LaTeX2e <2024-11-01>
L3 programming layer <2024-11-02>
(C:\Users\aless\AppData\Local\Programs\MiKTeX\tex/latex/extsizes\extarticle.cls
Document Class: extarticle 1996/10/08 v1.0 Non Standard LaTeX document class
(C:\Users\aless\AppData\Local\Programs\MiKTeX\tex/latex/extsizes\size14.clo
File: size14.clo 1999/11/11 v1.4a NON-Standard LaTeX file (size option)
) (C:\Users\aless\AppData\Local\Programs\MiKTeX\tex/latex/base\exscale.sty
Package: exscale 2018/09/24 v2.1i Standard LaTeX package exscale
LaTeX Font Info:    Redeclaring symbol font `largesymbols' on input line 57.
LaTeX Font Info:    Overwriting symbol font `largesymbols' in version `normal'
(Font)                  OMX/cmex/m/n --> OMX/cmex/m/n on input line 57.
LaTeX Font Info:    Overwriting symbol font `largesymbols' in version `bold'
(Font)                  OMX/cmex/m/n --> OMX/cmex/m/n on input line 57.
\big@size=\dimen141
)
\c@part=\count196
\c@section=\count197
\c@subsection=\count198
\c@subsubsection=\count199
\c@paragraph=\count266
\c@subparagraph=\count267
\c@figure=\count268
\c@table=\count269
\abovecaptionskip=\skip49
\belowcaptionskip=\skip50
\bibindent=\dimen142
) (C:\Users\aless\AppData\Local\Programs\MiKTeX\tex/latex/graphics\graphicx.sty
Package: graphicx 2021/09/16 v1.2d Enhanced LaTeX Graphics (DPC,SPQR)
 (C:\Users\aless\AppData\Local\Programs\MiKTeX\tex/latex/graphics\keyval.sty
Package: keyval 2022/05/29 v1.15 key=value parser (DPC)
\KV@toks@=\toks17
) (C:\Users\aless\AppData\Local\Programs\MiKTeX\tex/latex/graphics\graphics.sty
Package: graphics 2024/08/06 v1.4g Standard LaTeX Graphics (DPC,SPQR)
 (C:\Users\aless\AppData\Local\Programs\MiKTeX\tex/latex/graphics\trig.sty
Package: trig 2023/12/02 v1.11 sin cos tan (DPC)
) (C:\Users\aless\AppData\Local\Programs\MiKTeX\tex/latex/graphics-cfg\graphics.cfg
File: graphics.cfg 2016/06/04 v1.11 sample graphics configuration
)
Package graphics Info: Driver file: pdftex.def on input line 106.
 (C:\Users\aless\AppData\Local\Programs\MiKTeX\tex/latex/graphics-def\pdftex.def
File: pdftex.def 2024/04/13 v1.2c Graphics/color driver for pdftex
))
\Gin@req@height=\dimen143
\Gin@req@width=\dimen144
) (C:\Users\aless\AppData\Local\Programs\MiKTeX\tex/latex/amsmath\amsmath.sty
Package: amsmath 2024/11/05 v2.17t AMS math features
\@mathmargin=\skip51

For additional information on amsmath, use the `?' option.
(C:\Users\aless\AppData\Local\Programs\MiKTeX\tex/latex/amsmath\amstext.sty
Package: amstext 2021/08/26 v2.01 AMS text
 (C:\Users\aless\AppData\Local\Programs\MiKTeX\tex/latex/amsmath\amsgen.sty
File: amsgen.sty 1999/11/30 v2.0 generic functions
\@emptytoks=\toks18
\ex@=\dimen145
)) (C:\Users\aless\AppData\Local\Programs\MiKTeX\tex/latex/amsmath\amsbsy.sty
Package: amsbsy 1999/11/29 v1.2d Bold Symbols
\pmbraise@=\dimen146
) (C:\Users\aless\AppData\Local\Programs\MiKTeX\tex/latex/amsmath\amsopn.sty
Package: amsopn 2022/04/08 v2.04 operator names
)
\inf@bad=\count270
LaTeX Info: Redefining \frac on input line 233.
\uproot@=\count271
\leftroot@=\count272
LaTeX Info: Redefining \overline on input line 398.
LaTeX Info: Redefining \colon on input line 409.
\classnum@=\count273
\DOTSCASE@=\count274
LaTeX Info: Redefining \ldots on input line 495.
LaTeX Info: Redefining \dots on input line 498.
LaTeX Info: Redefining \cdots on input line 619.
\Mathstrutbox@=\box52
\strutbox@=\box53
LaTeX Info: Redefining \big on input line 721.
LaTeX Info: Redefining \Big on input line 722.
LaTeX Info: Redefining \bigg on input line 723.
LaTeX Info: Redefining \Bigg on input line 724.
\big@size=\dimen147
LaTeX Font Info:    Redeclaring font encoding OML on input line 742.
LaTeX Font Info:    Redeclaring font encoding OMS on input line 743.
\macc@depth=\count275
LaTeX Info: Redefining \bmod on input line 904.
LaTeX Info: Redefining \pmod on input line 909.
LaTeX Info: Redefining \smash on input line 939.
LaTeX Info: Redefining \relbar on input line 969.
LaTeX Info: Redefining \Relbar on input line 970.
\c@MaxMatrixCols=\count276
\dotsspace@=\muskip17
\c@parentequation=\count277
\dspbrk@lvl=\count278
\tag@help=\toks19
\row@=\count279
\column@=\count280
\maxfields@=\count281
\andhelp@=\toks20
\eqnshift@=\dimen148
\alignsep@=\dimen149
\tagshift@=\dimen150
\tagwidth@=\dimen151
\totwidth@=\dimen152
\lineht@=\dimen153
\@envbody=\toks21
\multlinegap=\skip52
\multlinetaggap=\skip53
\mathdisplay@stack=\toks22
LaTeX Info: Redefining \[ on input line 2953.
LaTeX Info: Redefining \] on input line 2954.
) (C:\Users\aless\AppData\Local\Programs\MiKTeX\tex/latex/xcolor\xcolor.sty
Package: xcolor 2024/09/29 v3.02 LaTeX color extensions (UK)
 (C:\Users\aless\AppData\Local\Programs\MiKTeX\tex/latex/graphics-cfg\color.cfg
File: color.cfg 2016/01/02 v1.6 sample color configuration
)
Package xcolor Info: Driver file: pdftex.def on input line 274.
 (C:\Users\aless\AppData\Local\Programs\MiKTeX\tex/latex/graphics\mathcolor.ltx)
Package xcolor Info: Model `cmy' substituted by `cmy0' on input line 1349.
Package xcolor Info: Model `hsb' substituted by `rgb' on input line 1353.
Package xcolor Info: Model `RGB' extended on input line 1365.
Package xcolor Info: Model `HTML' substituted by `rgb' on input line 1367.
Package xcolor Info: Model `Hsb' substituted by `hsb' on input line 1368.
Package xcolor Info: Model `tHsb' substituted by `hsb' on input line 1369.
Package xcolor Info: Model `HSB' substituted by `hsb' on input line 1370.
Package xcolor Info: Model `Gray' substituted by `gray' on input line 1371.
Package xcolor Info: Model `wave' substituted by `hsb' on input line 1372.
) (C:\Users\aless\AppData\Local\Programs\MiKTeX\tex/latex/l3backend\l3backend-pdftex.def
File: l3backend-pdftex.def 2024-05-08 L3 backend support: PDF output (pdfTeX)
\l__color_backend_stack_int=\count282
\l__pdf_internal_box=\box54
) (OGA.aux)
\openout1 = `OGA.aux'.

LaTeX Font Info:    Checking defaults for OML/cmm/m/it on input line 10.
LaTeX Font Info:    ... okay on input line 10.
LaTeX Font Info:    Checking defaults for OMS/cmsy/m/n on input line 10.
LaTeX Font Info:    ... okay on input line 10.
LaTeX Font Info:    Checking defaults for OT1/cmr/m/n on input line 10.
LaTeX Font Info:    ... okay on input line 10.
LaTeX Font Info:    Checking defaults for T1/cmr/m/n on input line 10.
LaTeX Font Info:    ... okay on input line 10.
LaTeX Font Info:    Checking defaults for TS1/cmr/m/n on input line 10.
LaTeX Font Info:    ... okay on input line 10.
LaTeX Font Info:    Checking defaults for OMX/cmex/m/n on input line 10.
LaTeX Font Info:    ... okay on input line 10.
LaTeX Font Info:    Checking defaults for U/cmr/m/n on input line 10.
LaTeX Font Info:    ... okay on input line 10.
 (C:\Users\aless\AppData\Local\Programs\MiKTeX\tex/context/base/mkii\supp-pdf.mkii
[Loading MPS to PDF converter (version 2006.09.02).]
\scratchcounter=\count283
\scratchdimen=\dimen154
\scratchbox=\box55
\nofMPsegments=\count284
\nofMParguments=\count285
\everyMPshowfont=\toks23
\MPscratchCnt=\count286
\MPscratchDim=\dimen155
\MPnumerator=\count287
\makeMPintoPDFobject=\count288
\everyMPtoPDFconversion=\toks24
) (C:\Users\aless\AppData\Local\Programs\MiKTeX\tex/latex/epstopdf-pkg\epstopdf-base.sty
Package: epstopdf-base 2020-01-24 v2.11 Base part for package epstopdf
 (C:\Users\aless\AppData\Local\Programs\MiKTeX\tex/generic/infwarerr\infwarerr.sty
Package: infwarerr 2019/12/03 v1.5 Providing info/warning/error messages (HO)
) (C:\Users\aless\AppData\Local\Programs\MiKTeX\tex/latex/grfext\grfext.sty
Package: grfext 2019/12/03 v1.3 Manage graphics extensions (HO)
 (C:\Users\aless\AppData\Local\Programs\MiKTeX\tex/generic/kvdefinekeys\kvdefinekeys.sty
Package: kvdefinekeys 2019-12-19 v1.6 Define keys (HO)
)) (C:\Users\aless\AppData\Local\Programs\MiKTeX\tex/latex/kvoptions\kvoptions.sty
Package: kvoptions 2022-06-15 v3.15 Key value format for package options (HO)
 (C:\Users\aless\AppData\Local\Programs\MiKTeX\tex/generic/ltxcmds\ltxcmds.sty
Package: ltxcmds 2023-12-04 v1.26 LaTeX kernel commands for general use (HO)
) (C:\Users\aless\AppData\Local\Programs\MiKTeX\tex/latex/kvsetkeys\kvsetkeys.sty
Package: kvsetkeys 2022-10-05 v1.19 Key value parser (HO)
)) (C:\Users\aless\AppData\Local\Programs\MiKTeX\tex/generic/pdftexcmds\pdftexcmds.sty
Package: pdftexcmds 2020-06-27 v0.33 Utility functions of pdfTeX for LuaTeX (HO)
 (C:\Users\aless\AppData\Local\Programs\MiKTeX\tex/generic/iftex\iftex.sty
Package: iftex 2022/02/03 v1.0f TeX engine tests
)
Package pdftexcmds Info: \pdf@primitive is available.
Package pdftexcmds Info: \pdf@ifprimitive is available.
Package pdftexcmds Info: \pdfdraftmode found.
)
Package epstopdf-base Info: Redefining graphics rule for `.eps' on input line 485.
Package grfext Info: Graphics extension search list:
(grfext)             [.pdf,.png,.jpg,.mps,.jpeg,.jbig2,.jb2,.PDF,.PNG,.JPG,.JPEG,.JBIG2,.JB2,.eps]
(grfext)             \AppendGraphicsExtensions on input line 504.
 (C:\Users\aless\AppData\Local\Programs\MiKTeX\tex/latex/00miktex\epstopdf-sys.cfg
File: epstopdf-sys.cfg 2021/03/18 v2.0 Configuration of epstopdf for MiKTeX
)) (OGA.toc
Overfull \hbox (0.73979pt too wide) in paragraph at lines 8--8
 [][] []\OT1/cmr/m/n/14.4 Il mod-ello Ger-ar-chico Fun-zionale (Strut-tura Ger- 
 []



[1

{C:/Users/aless/AppData/Local/MiKTeX/fonts/map/pdftex/pdftex.map}]

[2])
\tf@toc=\write3
\openout3 = `OGA.toc'.



[3]

[4]
<images/Esempio_Organigramma.png, id=18, 496.10344pt x 242.40562pt>
File: images/Esempio_Organigramma.png Graphic file (type png)
<use images/Esempio_Organigramma.png>
Package pdftex.def Info: images/Esempio_Organigramma.png  used on input line 70.
(pdftex.def)             Requested size: 396.88329pt x 193.92474pt.


[5 <./images/Esempio_Organigramma.png>]
<images/modello_gerarchico.png, id=24, 480.29437pt x 216.05719pt>
File: images/modello_gerarchico.png Graphic file (type png)
<use images/modello_gerarchico.png>
Package pdftex.def Info: images/modello_gerarchico.png  used on input line 100.
(pdftex.def)             Requested size: 384.23601pt x 172.84596pt.


[6 <./images/modello_gerarchico.png>]
<images/modello_gerarchico_funzionale.png, id=29, 663.98062pt x 234.1247pt>
File: images/modello_gerarchico_funzionale.png Graphic file (type png)
<use images/modello_gerarchico_funzionale.png>
Package pdftex.def Info: images/modello_gerarchico_funzionale.png  used on input line 119.
(pdftex.def)             Requested size: 424.94614pt x 149.83928pt.


[7 <./images/modello_gerarchico_funzionale.png>]
<images/modello_divisionale.png, id=35, 794.97pt x 347.04657pt>
File: images/modello_divisionale.png Graphic file (type png)
<use images/modello_divisionale.png>
Package pdftex.def Info: images/modello_divisionale.png  used on input line 158.
(pdftex.def)             Requested size: 397.48402pt x 173.52286pt.


[8]
<images/modello_geografico.png, id=39, 790.45313pt x 357.58594pt>
File: images/modello_geografico.png Graphic file (type png)
<use images/modello_geografico.png>
Package pdftex.def Info: images/modello_geografico.png  used on input line 173.
(pdftex.def)             Requested size: 395.22559pt x 178.79253pt.


[9 <./images/modello_divisionale.png> <./images/modello_geografico.png>]
<images/modello_matrice.png, id=45, 698.61pt x 341.77687pt>
File: images/modello_matrice.png Graphic file (type png)
<use images/modello_matrice.png>
Package pdftex.def Info: images/modello_matrice.png  used on input line 184.
(pdftex.def)             Requested size: 419.16924pt x 205.0677pt.
<images/modello_rete.png, id=46, 465.99094pt x 364.36125pt>
File: images/modello_rete.png Graphic file (type png)
<use images/modello_rete.png>
Package pdftex.def Info: images/modello_rete.png  used on input line 198.
(pdftex.def)             Requested size: 372.79324pt x 291.48938pt.


[10 <./images/modello_matrice.png>]

[11 <./images/modello_rete.png>]

[12]
<images/stati_sviluppo.png, id=58, 785.93625pt x 346.29375pt>
File: images/stati_sviluppo.png Graphic file (type png)
<use images/stati_sviluppo.png>
Package pdftex.def Info: images/stati_sviluppo.png  used on input line 283.
(pdftex.def)             Requested size: 392.96716pt x 173.14644pt.


[13]

[14 <./images/stati_sviluppo.png>]

[15]
<images/stadi_declino.png, id=70, 702.37407pt x 355.3275pt>
File: images/stadi_declino.png Graphic file (type png)
<use images/stadi_declino.png>
Package pdftex.def Info: images/stadi_declino.png  used on input line 357.
(pdftex.def)             Requested size: 421.42769pt x 213.19814pt.


[16 <./images/stadi_declino.png>]

[17]

[18]

[19]

[20]
<images/hockey_stick.png, id=88, 484.05844pt x 246.1697pt>
File: images/hockey_stick.png Graphic file (type png)
<use images/hockey_stick.png>
Package pdftex.def Info: images/hockey_stick.png  used on input line 508.
(pdftex.def)             Requested size: 387.24727pt x 196.936pt.


[21 <./images/hockey_stick.png>]

[22]

[23]

[24]

[25]
<images/transazionale.png, id=106, 706.89093pt x 334.24875pt>
File: images/transazionale.png Graphic file (type png)
<use images/transazionale.png>
Package pdftex.def Info: images/transazionale.png  used on input line 671.
(pdftex.def)             Requested size: 424.13783pt x 200.55078pt.


[26 <./images/transazionale.png>]
<images/marketplace.png, id=111, 798.73407pt x 346.29375pt>
File: images/marketplace.png Graphic file (type png)
<use images/marketplace.png>
Package pdftex.def Info: images/marketplace.png  used on input line 688.
(pdftex.def)             Requested size: 399.36606pt x 173.14644pt.


[27 <./images/marketplace.png>]
<images/saas.png, id=116, 707.64375pt x 325.215pt>
File: images/saas.png Graphic file (type png)
<use images/saas.png>
Package pdftex.def Info: images/saas.png  used on input line 707.
(pdftex.def)             Requested size: 424.58952pt x 195.1305pt.


[28 <./images/saas.png>]
<images/freemium.png, id=121, 859.71187pt x 326.72063pt>
File: images/freemium.png Graphic file (type png)
<use images/freemium.png>
Package pdftex.def Info: images/freemium.png  used on input line 731.
(pdftex.def)             Requested size: 429.85487pt x 163.35991pt.


[29 <./images/freemium.png>]
<images/payasyougo.png, id=126, 557.83406pt x 289.08pt>
File: images/payasyougo.png Graphic file (type png)
<use images/payasyougo.png>
Package pdftex.def Info: images/payasyougo.png  used on input line 744.
(pdftex.def)             Requested size: 390.48117pt x 202.35461pt.
<images/noleggio.png, id=127, 681.29532pt x 301.8778pt>
File: images/noleggio.png Graphic file (type png)
<use images/noleggio.png>
Package pdftex.def Info: images/noleggio.png  used on input line 761.
(pdftex.def)             Requested size: 408.78035pt x 181.12807pt.


[30 <./images/payasyougo.png>]
<images/franchising.png, id=132, 725.71124pt x 363.60844pt>
File: images/franchising.png Graphic file (type png)
<use images/franchising.png>
Package pdftex.def Info: images/franchising.png  used on input line 774.
(pdftex.def)             Requested size: 399.14241pt x 199.98524pt.


[31 <./images/noleggio.png> <./images/franchising.png>]
<images/broker.png, id=139, 742.27313pt x 327.47343pt>
File: images/broker.png Graphic file (type png)
<use images/broker.png>
Package pdftex.def Info: images/broker.png  used on input line 789.
(pdftex.def)             Requested size: 408.2515pt x 180.11095pt.


[32 <./images/broker.png>]
<images/community.png, id=144, 557.08125pt x 198.7425pt>
File: images/community.png Graphic file (type png)
<use images/community.png>
Package pdftex.def Info: images/community.png  used on input line 806.
(pdftex.def)             Requested size: 389.95422pt x 139.11879pt.
<images/affiliazioni.png, id=145, 204.01219pt x 129.48375pt>
File: images/affiliazioni.png Graphic file (type png)
<use images/affiliazioni.png>
Package pdftex.def Info: images/affiliazioni.png  used on input line 820.
(pdftex.def)             Requested size: 163.20996pt x 103.58711pt.


[33 <./images/community.png> <./images/affiliazioni.png>]
<images/inserzioni.png, id=151, 666.99188pt x 291.33844pt>
File: images/inserzioni.png Graphic file (type png)
<use images/inserzioni.png>
Package pdftex.def Info: images/inserzioni.png  used on input line 841.
(pdftex.def)             Requested size: 400.19821pt x 174.8044pt.


[34 <./images/inserzioni.png>]
<images/donazioni.png, id=156, 711.4078pt x 313.9228pt>
File: images/donazioni.png Graphic file (type png)
<use images/donazioni.png>
Package pdftex.def Info: images/donazioni.png  used on input line 857.
(pdftex.def)             Requested size: 426.84798pt x 188.35512pt.


[35 <./images/donazioni.png>]

[36]

[37]

[38]

[39]

[40]
<images/businessmodelcanvas.png, id=178, 553.31718pt x 338.01282pt>
File: images/businessmodelcanvas.png Graphic file (type png)
<use images/businessmodelcanvas.png>
Package pdftex.def Info: images/businessmodelcanvas.png  used on input line 1060.
(pdftex.def)             Requested size: 426.05554pt x 260.27066pt.


[41 <./images/businessmodelcanvas.png>]
<images/testare.png, id=183, 891.33pt x 376.40625pt>
File: images/testare.png Graphic file (type png)
<use images/testare.png>
Package pdftex.def Info: images/testare.png  used on input line 1093.
(pdftex.def)             Requested size: 401.0948pt x 169.38124pt.


[42]

[43 <./images/testare.png>]
<images/rischi.png, id=192, 764.10469pt x 341.77687pt>
File: images/rischi.png Graphic file (type png)
<use images/rischi.png>
Package pdftex.def Info: images/rischi.png  used on input line 1116.
(pdftex.def)             Requested size: 420.25888pt x 187.97786pt.
<images/ipotesi.png, id=193, 416.30531pt x 260.47313pt>
File: images/ipotesi.png Graphic file (type png)
<use images/ipotesi.png>
Package pdftex.def Info: images/ipotesi.png  used on input line 1119.
(pdftex.def)             Requested size: 333.0447pt x 208.37878pt.


[44 <./images/rischi.png> <./images/ipotesi.png>]

[45] (OGA.aux)
 ***********
LaTeX2e <2024-11-01>
L3 programming layer <2024-11-02>
 ***********
 ) 
Here is how much of TeX's memory you used:
 3322 strings out of 473682
 57930 string characters out of 5719215
 452634 words of memory out of 5000000
 26380 multiletter control sequences out of 15000+600000
 563915 words of font info for 56 fonts, out of 8000000 for 9000
 1141 hyphenation exceptions out of 8191
 59i,6n,67p,272b,199s stack positions out of 10000i,1000n,20000p,200000b,200000s
 <C:\Users\aless\AppData\Local\MiKTeX\fonts/pk/ljfour/jknappen/ec/dpi600\tcrm1440.pk><C:/Users/aless/AppData/Local/Programs/MiKTeX/fonts/type1/public/amsfonts/cm/cmbx12.pfb><C:/Users/aless/AppData/Local/Programs/MiKTeX/fonts/type1/public/amsfonts/cm/cmr12.pfb><C:/Users/aless/AppData/Local/Programs/MiKTeX/fonts/type1/public/amsfonts/cm/cmr17.pfb><C:/Users/aless/AppData/Local/Programs/MiKTeX/fonts/type1/public/amsfonts/cm/cmti12.pfb>
Output written on OGA.pdf (45 pages, 2506012 bytes).
PDF statistics:
 226 PDF objects out of 1000 (max. 8388607)
 0 named destinations out of 1000 (max. 500000)
 131 words of extra memory for PDF output out of 10000 (max. 10000000)

